<?xml version="1.0" encoding="UTF-8"?>
<!-- Generated by org.testng.reporters.JUnitReportReporter -->
<testsuite hostname="IN-9GGS0F3" failures="0" tests="1" name="com.androjava.SeleniumAutomationNew.SignInTest" time="7.396" errors="0" timestamp="2024-01-10T02:53:41 IST" skipped="0">
  <testcase classname="com.androjava.SeleniumAutomationNew.SignInTest" name="testSignIn" time="7.396"/>
</testsuite> <!-- com.androjava.SeleniumAutomationNew.SignInTest -->
